2017-02-10 14:32:31,816:ncclient.transport.ssh: Connected (version 2.0, client OpenSSH_6.6.1)
2017-02-10 14:32:32,102:ncclient.transport.ssh: Authentication (publickey) successful!
2017-02-10 14:32:32,296:ncclient.transport.session: initialized: session-id=3291 | server_capabilities=<dictionary-keyiterator object at 0x1078596d8>
2017-02-10 14:32:32,297:ncclient.operations.rpc: Requesting 'ExecuteRpc'
2017-02-10 14:32:32,473:ncclient.operations.rpc: Requesting 'ExecuteRpc'
2017-02-10 14:32:32,596:ncclient.operations.rpc: Requesting 'ExecuteRpc'
2017-02-10 14:32:32,718:ncclient.operations.rpc: Requesting 'ExecuteRpc'
2017-02-10 14:32:32,838:ncclient.operations.rpc: Requesting 'ExecuteRpc'
2017-02-10 14:32:32,966:ncclient.operations.rpc: Requesting 'ExecuteRpc'
2017-02-10 14:32:33,089:ncclient.operations.rpc: Requesting 'ExecuteRpc'
2017-02-10 14:32:33,214:ncclient.operations.rpc: Requesting 'ExecuteRpc'
2017-02-10 14:32:33,336:vsrx3: Starting the software upgrade process: /Users/seanw/vsrx/junos-vsrx-15.1X49-D75.5-domestic.tgz
2017-02-10 14:32:33,336:vsrx3: computing local checksum on: /Users/seanw/vsrx/junos-vsrx-15.1X49-D75.5-domestic.tgz
2017-02-10 14:32:36,036:vsrx3: cleaning filesystem ...
2017-02-10 14:32:36,036:ncclient.operations.rpc: Requesting 'ExecuteRpc'
2017-02-10 14:32:46,631:paramiko.transport: Connected (version 2.0, client OpenSSH_6.6.1)
2017-02-10 14:32:46,981:paramiko.transport: Authentication (publickey) successful!
2017-02-10 14:33:10,436:vsrx3: junos-vsrx-15.1X49-D75.5-domestic.tgz: 67469312 / 674629381 (10%)
2017-02-10 14:33:33,425:vsrx3: junos-vsrx-15.1X49-D75.5-domestic.tgz: 134938624 / 674629381 (20%)
2017-02-10 14:33:56,135:vsrx3: junos-vsrx-15.1X49-D75.5-domestic.tgz: 202391552 / 674629381 (30%)
2017-02-10 14:34:18,987:vsrx3: junos-vsrx-15.1X49-D75.5-domestic.tgz: 269860864 / 674629381 (40%)
2017-02-10 14:34:40,380:vsrx3: junos-vsrx-15.1X49-D75.5-domestic.tgz: 337330176 / 674629381 (50%)
2017-02-10 14:35:08,998:vsrx3: junos-vsrx-15.1X49-D75.5-domestic.tgz: 404783104 / 674629381 (60%)
2017-02-10 14:35:30,221:vsrx3: junos-vsrx-15.1X49-D75.5-domestic.tgz: 472252416 / 674629381 (70%)
2017-02-10 14:35:51,272:vsrx3: junos-vsrx-15.1X49-D75.5-domestic.tgz: 539705344 / 674629381 (80%)
2017-02-10 14:36:11,845:vsrx3: junos-vsrx-15.1X49-D75.5-domestic.tgz: 607174656 / 674629381 (90%)
2017-02-10 14:36:32,224:vsrx3: junos-vsrx-15.1X49-D75.5-domestic.tgz: 674629381 / 674629381 (100%)
2017-02-10 14:36:32,418:vsrx3: computing remote checksum on: /var/tmp/junos-vsrx-15.1X49-D75.5-domestic.tgz
2017-02-10 14:36:32,418:ncclient.operations.rpc: Requesting 'ExecuteRpc'
2017-02-10 14:36:41,190:vsrx3: checksum check passed.
2017-02-10 14:36:41,190:vsrx3: validating software against current config, please be patient ...
2017-02-10 14:36:41,190:ncclient.operations.rpc: Requesting 'ExecuteRpc'
2017-02-10 14:38:29,693:vsrx3: installing software ... please be patient ...
2017-02-10 14:38:29,693:ncclient.operations.rpc: Requesting 'ExecuteRpc'
2017-02-10 14:47:49,941:vsrx3: Software installation complete. Rebooting
2017-02-10 14:47:49,942:ncclient.operations.rpc: Requesting 'ExecuteRpc'
2017-02-10 14:47:50,168:vsrx3: Upgrade pending reboot cycle, please be patient.
2017-02-10 14:47:50,168:vsrx3: Shutdown NOW!
[pid 4218]
2017-02-10 14:47:50,169:ncclient.operations.rpc: Requesting 'CloseSession'
